Unable to capture context for thread 5336 in process 29536, can not generate back trace
Unable to capture context for thread 21628 in process 29536, can not generate back trace
Unable to capture context for thread 20256 in process 29536, can not generate back trace
Unable to capture context for thread 21304 in process 29536, can not generate back trace
Exception at PC 0x00007FF9AD73CD29
Unable to capture context for thread 20256 in process 29536, can not generate back trace
Exception at PC 0x00007FF8DA0FBB93
Printing stacktrace...

Exception at PC 0x00007FF9AD73CD29
Exception at PC 0x00007FF9AD73CD29
Exception at PC 0x00007FF9AD73CD29
Exception at PC 0x00007FF9AD73CD29
Exception at PC 0x00007FF9AD73CD29
Exception at PC 0x00007FF9AD73CD29
Exception at PC 0x00007FF9AD73CD29
Exception at PC 0x00007FF9AD73CD29
[0]  [0x00007FF8DA0FBB93]
[1]  [0x00007FF8DA0FBB93]
[2]  [0x00007FF8DA0FB4A1]
[3]  [0x00007FF8DA0FB3EF]
[4]  [0x00007FF8DA0E19FE]
[5]  [0x00007FF8DA0E0ED1]
[6]  [0x00007FF8DA0E0D76]
[7]  [0x00007FF8DA0879F6]
[8]  [0x00007FF8DA077AFB]
[9]  [0x00007FF8DA19E90A]
[10]  [0x00007FF8DA1B9F87]
[11]  [0x00007FF8DA1BA05F]
[12] (BaseThreadInitThunk+0x14) [0x00007FF9AF1F7614]
[13] (RtlUserThreadStart+0x21) [0x00007FF9AFFC26A1]
Done
Exception at PC 0x00007FF9AD73CD29
Exception at PC 0x00007FF9AD73CD29
Exception at PC 0x00007FF9AD73CD29
Exception at PC 0x00007FF9AD73CD29
Exception at PC 0x00007FF9AD73CD29
Exception at PC 0x00007FF9AD73CD29
Exception at PC 0x00007FF9AD73CD29
Exception at PC 0x00007FF9AD73CD29
Exception at PC 0x00007FF9AD73CD29
