INFO: [VRFC 10-2263] Analyzing Verilog file "D:/CPU_MIPS_54/CPU_MIPS_54.ip_user_files/ipstatic/dist_mem_gen_v8_0_10/simulation/dist_mem_gen_v8_0.v" into library dist_mem_gen_v8_0_10
INFO: [VRFC 10-311] analyzing module dist_mem_gen_v8_0_10
INFO: [VRFC 10-2263] Analyzing Verilog file "D:/CPU_MIPS_54/CPU_MIPS_54.srcs/sources_1/ip/dist_mem_gen_0/sim/dist_mem_gen_0.v" into library xil_defaultlib
INFO: [VRFC 10-311] analyzing module dist_mem_gen_0
INFO: [VRFC 10-2263] Analyzing Verilog file "D:/CPU_MIPS_54/CPU_MIPS_54.srcs/sources_1/new/ALU.v" into library xil_defaultlib
INFO: [VRFC 10-311] analyzing module ALU
INFO: [VRFC 10-2263] Analyzing Verilog file "D:/CPU_MIPS_54/CPU_MIPS_54.srcs/sources_1/new/Control.v" into library xil_defaultlib
INFO: [VRFC 10-311] analyzing module Control
INFO: [VRFC 10-2263] Analyzing Verilog file "D:/CPU_MIPS_54/CPU_MIPS_54.srcs/sources_1/new/CLZ.v" into library xil_defaultlib
INFO: [VRFC 10-311] analyzing module CLZ
INFO: [VRFC 10-2263] Analyzing Verilog file "D:/CPU_MIPS_54/CPU_MIPS_54.srcs/sources_1/new/HI_LO.v" into library xil_defaultlib
INFO: [VRFC 10-311] analyzing module HI_LO
INFO: [VRFC 10-2263] Analyzing Verilog file "D:/CPU_MIPS_54/CPU_MIPS_54.srcs/sources_1/new/DIV.v" into library xil_defaultlib
INFO: [VRFC 10-311] analyzing module DIV
INFO: [VRFC 10-2263] Analyzing Verilog file "D:/CPU_MIPS_54/CPU_MIPS_54.srcs/sources_1/new/MUL.v" into library xil_defaultlib
INFO: [VRFC 10-311] analyzing module MUL
INFO: [VRFC 10-2263] Analyzing Verilog file "D:/CPU_MIPS_54/CPU_MIPS_54.srcs/sources_1/new/CP0.v" into library xil_defaultlib
INFO: [VRFC 10-311] analyzing module CP0
INFO: [VRFC 10-2263] Analyzing Verilog file "D:/CPU_MIPS_54/CPU_MIPS_54.srcs/sources_1/new/Inst_Get.v" into library xil_defaultlib
INFO: [VRFC 10-311] analyzing module Inst_Get
INFO: [VRFC 10-2263] Analyzing Verilog file "D:/CPU_MIPS_54/CPU_MIPS_54.srcs/sources_1/new/PC.v" into library xil_defaultlib
INFO: [VRFC 10-311] analyzing module PC
INFO: [VRFC 10-2263] Analyzing Verilog file "D:/CPU_MIPS_54/CPU_MIPS_54.srcs/sources_1/new/regfile.v" into library xil_defaultlib
INFO: [VRFC 10-311] analyzing module regfile
INFO: [VRFC 10-2263] Analyzing Verilog file "D:/CPU_MIPS_54/CPU_MIPS_54.srcs/sources_1/new/cpu.v" into library xil_defaultlib
INFO: [VRFC 10-311] analyzing module cpu
INFO: [VRFC 10-2263] Analyzing Verilog file "D:/CPU_MIPS_54/CPU_MIPS_54.srcs/sources_1/new/DMEM.v" into library xil_defaultlib
INFO: [VRFC 10-311] analyzing module DMEM
INFO: [VRFC 10-2263] Analyzing Verilog file "D:/CPU_MIPS_54/CPU_MIPS_54.srcs/sources_1/new/IMEM.v" into library xil_defaultlib
INFO: [VRFC 10-311] analyzing module IMEM
INFO: [VRFC 10-2263] Analyzing Verilog file "D:/CPU_MIPS_54/CPU_MIPS_54.srcs/sources_1/new/sccomp_dataflow.v" into library xil_defaultlib
INFO: [VRFC 10-311] analyzing module sccomp_dataflow
INFO: [VRFC 10-2263] Analyzing Verilog file "D:/CPU_MIPS_54/CPU_MIPS_54.srcs/sim_1/new/cpu_tb.v" into library xil_defaultlib
INFO: [VRFC 10-311] analyzing module cpu_tb
INFO: [VRFC 10-2263] Analyzing Verilog file "D:/CPU_MIPS_54/CPU_MIPS_54.sim/sim_1/behav/glbl.v" into library xil_defaultlib
INFO: [VRFC 10-311] analyzing module glbl
