Exception at PC 0x00007FFCEF35CF19
Exception at PC 0x00007FFC5A03BB93
Printing stacktrace...

Exception at PC 0x00007FFCEF35CF19
Exception at PC 0x00007FFCEF35CF19
Exception at PC 0x00007FFCEF35CF19
Exception at PC 0x00007FFCEF35CF19
Exception at PC 0x00007FFCEF35CF19
[0]  [0x00007FFC5A03BB93]
[1]  [0x00007FFC5A03BB93]
[2]  [0x00007FFC5A03B4A1]
[3]  [0x00007FFC5A03B3EF]
[4]  [0x00007FFC5A0219FE]
[5]  [0x00007FFC5A020ED1]
[6]  [0x00007FFC5A020D76]
[7]  [0x00007FFC59FC79F6]
[8]  [0x00007FFC59FB7AFB]
[9]  [0x00007FFC5A0DE90A]
[10]  [0x00007FFC5A0F9F87]
[11]  [0x00007FFC5A0FA05F]
[12] (BaseThreadInitThunk+0x14) [0x00007FFCF0147614]
[13] (RtlUserThreadStart+0x21) [0x00007FFCF19626F1]
Done
Exception at PC 0x00007FFCEF35CF19
Exception at PC 0x00007FFCEF35CF19
Exception at PC 0x00007FFCEF35CF19
Exception at PC 0x00007FFCEF35CF19
Exception at PC 0x00007FFCEF35CF19
Exception at PC 0x00007FFCEF35CF19
Exception at PC 0x00007FFCEF35CF19
Exception at PC 0x00007FFCEF35CF19
Exception at PC 0x00007FFCEF35CF19
Exception at PC 0x00007FFCEF35CF19
Exception at PC 0x00007FFCEF35CF19
Exception at PC 0x00007FFCEF35CF19
