#-----------------------------------------------------------
# Vivado v2016.2 (64-bit)
# SW Build 1577090 on Thu Jun  2 16:32:40 MDT 2016
# IP Build 1577682 on Fri Jun  3 12:00:54 MDT 2016
# Start of session at: Tue Mar 28 23:41:26 2023
# Process ID: 17080
# Current directory: D:/桌面资料/计算机组成原理/MULT
# Command line: vivado.exe -gui_launcher_event rodinguilauncherevent29772 D:\桌面资料\计算机组成原理\MULT\MULT.xpr
# Log file: D:/桌面资料/计算机组成原理/MULT/vivado.log
# Journal file: D:/桌面资料/计算机组成原理/MULT\vivado.jou
#-----------------------------------------------------------
start_gui
open_project D:/桌面资料/计算机组成原理/MULT/MULT.xpr
Scanning sources...
Finished scanning sources
INFO: [IP_Flow 19-234] Refreshing IP repositories
INFO: [IP_Flow 19-1704] No user IP repositories specified
INFO: [IP_Flow 19-2313] Loaded Vivado IP repository 'D:/Xilinx/Vivado/2016.2/data/ip'.
update_compile_order -fileset sources_1
launch_simulation
INFO: [USF-XSim-27] Simulation object is 'sim_1'
INFO: [USF-XSim-37] Inspecting design source files for 'MULT_tb' in fileset 'sim_1'...
INFO: [USF-XSim-97] Finding global include files...
INFO: [USF-XSim-98] Fetching design files from 'sim_1'...
INFO: [USF-XSim-2] XSim::Compile design
INFO: [USF-XSim-61] Executing 'COMPILE and ANALYZE' step in 'D:/桌面资料/计算机组成原理/MULT/MULT.sim/sim_1/behav'
"xvlog -m64 --relax -prj MULT_tb_vlog.prj"
INFO: [VRFC 10-2263] Analyzing Verilog file "D:/桌面资料/计算机组成原理/MULT/MULT.srcs/sources_1/new/MULT.v" into library xil_defaultlib
INFO: [VRFC 10-311] analyzing module MULT
INFO: [VRFC 10-2263] Analyzing Verilog file "D:/桌面资料/计算机组成原理/MULT/MULT.srcs/sources_1/new/MULT_tb.v" into library xil_defaultlib
INFO: [VRFC 10-311] analyzing module MULT_tb
INFO: [VRFC 10-2263] Analyzing Verilog file "D:/桌面资料/计算机组成原理/MULT/MULT.sim/sim_1/behav/glbl.v" into library xil_defaultlib
INFO: [VRFC 10-311] analyzing module glbl
INFO: [USF-XSim-69] 'compile' step finished in '1' seconds
INFO: [USF-XSim-3] XSim::Elaborate design
INFO: [USF-XSim-61] Executing 'ELABORATE' step in 'D:/桌面资料/计算机组成原理/MULT/MULT.sim/sim_1/behav'
Vivado Simulator 2016.2
Copyright 1986-1999, 2001-2016 Xilinx, Inc. All Rights Reserved.
Running: D:/Xilinx/Vivado/2016.2/bin/unwrapped/win64.o/xelab.exe -wto 49570bf931814a6aa49a168aa58249d8 --debug typical --relax --mt 2 -L xil_defaultlib -L unisims_ver -L unimacro_ver -L secureip --snapshot MULT_tb_behav xil_defaultlib.MULT_tb xil_defaultlib.glbl -log elaborate.log 
Using 2 slave threads.
Starting static elaboration
Completed static elaboration
Starting simulation data flow analysis
Completed simulation data flow analysis
Time Resolution for simulation is 1ps
Compiling module xil_defaultlib.MULT
Compiling module xil_defaultlib.MULT_tb
Compiling module xil_defaultlib.glbl
Built simulation snapshot MULT_tb_behav

****** Webtalk v2016.2 (64-bit)
  **** SW Build 1577090 on Thu Jun  2 16:32:40 MDT 2016
  **** IP Build 1577682 on Fri Jun  3 12:00:54 MDT 2016
    ** Copyright 1986-2016 Xilinx, Inc. All Rights Reserved.

source D:/桌面资料/计算机组成原理/MULT/MULT.sim/sim_1/behav/xsim.dir/MULT_tb_behav/webtalk/xsim_webtalk.tcl -notrace
INFO: [Common 17-206] Exiting Webtalk at Tue Mar 28 23:44:16 2023...
INFO: [USF-XSim-69] 'elaborate' step finished in '2' seconds
INFO: [USF-XSim-4] XSim::Simulate design
INFO: [USF-XSim-61] Executing 'SIMULATE' step in 'D:/桌面资料/计算机组成原理/MULT/MULT.sim/sim_1/behav'
INFO: [USF-XSim-98] *** Running xsim
   with args "MULT_tb_behav -key {Behavioral:sim_1:Functional:MULT_tb} -tclbatch {MULT_tb.tcl} -log {simulate.log}"
INFO: [USF-XSim-8] Loading simulator feature
Vivado Simulator 2016.2
Time resolution is 1 ps
source MULT_tb.tcl
# set curr_wave [current_wave_config]
# if { [string length $curr_wave] == 0 } {
#   if { [llength [get_objects]] > 0} {
#     add_wave /
#     set_property needs_save false [current_wave_config]
#   } else {
#      send_msg_id Add_Wave-1 WARNING "No top level signals found. Simulator will start without a wave window. If you want to open a wave window go to 'File->New Waveform Configuration' or type 'create_wave_config' in the TCL console."
#   }
# }
# run 1000ns
INFO: [USF-XSim-96] XSim completed. Design snapshot 'MULT_tb_behav' loaded.
INFO: [USF-XSim-97] XSim simulation ran for 1000ns
launch_simulation: Time (s): cpu = 00:00:04 ; elapsed = 00:00:05 . Memory (MB): peak = 910.059 ; gain = 0.000
close_sim
INFO: [Simtcl 6-16] Simulation closed
launch_simulation
INFO: [USF-XSim-27] Simulation object is 'sim_1'
INFO: [USF-XSim-37] Inspecting design source files for 'MULT_tb' in fileset 'sim_1'...
INFO: [USF-XSim-97] Finding global include files...
INFO: [USF-XSim-98] Fetching design files from 'sim_1'...
INFO: [USF-XSim-2] XSim::Compile design
INFO: [USF-XSim-61] Executing 'COMPILE and ANALYZE' step in 'D:/桌面资料/计算机组成原理/MULT/MULT.sim/sim_1/behav'
"xvlog -m64 --relax -prj MULT_tb_vlog.prj"
INFO: [VRFC 10-2263] Analyzing Verilog file "D:/桌面资料/计算机组成原理/MULT/MULT.srcs/sources_1/new/MULT.v" into library xil_defaultlib
INFO: [VRFC 10-311] analyzing module MULT
INFO: [VRFC 10-2263] Analyzing Verilog file "D:/桌面资料/计算机组成原理/MULT/MULT.srcs/sources_1/new/MULT_tb.v" into library xil_defaultlib
INFO: [VRFC 10-311] analyzing module MULT_tb
INFO: [VRFC 10-2263] Analyzing Verilog file "D:/桌面资料/计算机组成原理/MULT/MULT.sim/sim_1/behav/glbl.v" into library xil_defaultlib
INFO: [VRFC 10-311] analyzing module glbl
INFO: [USF-XSim-69] 'compile' step finished in '1' seconds
INFO: [USF-XSim-3] XSim::Elaborate design
INFO: [USF-XSim-61] Executing 'ELABORATE' step in 'D:/桌面资料/计算机组成原理/MULT/MULT.sim/sim_1/behav'
Vivado Simulator 2016.2
Copyright 1986-1999, 2001-2016 Xilinx, Inc. All Rights Reserved.
Running: D:/Xilinx/Vivado/2016.2/bin/unwrapped/win64.o/xelab.exe -wto 49570bf931814a6aa49a168aa58249d8 --debug typical --relax --mt 2 -L xil_defaultlib -L unisims_ver -L unimacro_ver -L secureip --snapshot MULT_tb_behav xil_defaultlib.MULT_tb xil_defaultlib.glbl -log elaborate.log 
Using 2 slave threads.
Starting static elaboration
Completed static elaboration
Starting simulation data flow analysis
Completed simulation data flow analysis
Time Resolution for simulation is 1ps
Compiling module xil_defaultlib.MULT
Compiling module xil_defaultlib.MULT_tb
Compiling module xil_defaultlib.glbl
Built simulation snapshot MULT_tb_behav

****** Webtalk v2016.2 (64-bit)
  **** SW Build 1577090 on Thu Jun  2 16:32:40 MDT 2016
  **** IP Build 1577682 on Fri Jun  3 12:00:54 MDT 2016
    ** Copyright 1986-2016 Xilinx, Inc. All Rights Reserved.

source D:/桌面资料/计算机组成原理/MULT/MULT.sim/sim_1/behav/xsim.dir/MULT_tb_behav/webtalk/xsim_webtalk.tcl -notrace
INFO: [Common 17-206] Exiting Webtalk at Tue Mar 28 23:45:17 2023...
INFO: [USF-XSim-69] 'elaborate' step finished in '2' seconds
INFO: [USF-XSim-4] XSim::Simulate design
INFO: [USF-XSim-61] Executing 'SIMULATE' step in 'D:/桌面资料/计算机组成原理/MULT/MULT.sim/sim_1/behav'
INFO: [USF-XSim-98] *** Running xsim
   with args "MULT_tb_behav -key {Behavioral:sim_1:Functional:MULT_tb} -tclbatch {MULT_tb.tcl} -log {simulate.log}"
INFO: [USF-XSim-8] Loading simulator feature
Vivado Simulator 2016.2
Time resolution is 1 ps
source MULT_tb.tcl
# set curr_wave [current_wave_config]
# if { [string length $curr_wave] == 0 } {
#   if { [llength [get_objects]] > 0} {
#     add_wave /
#     set_property needs_save false [current_wave_config]
#   } else {
#      send_msg_id Add_Wave-1 WARNING "No top level signals found. Simulator will start without a wave window. If you want to open a wave window go to 'File->New Waveform Configuration' or type 'create_wave_config' in the TCL console."
#   }
# }
# run 1000ns
INFO: [USF-XSim-96] XSim completed. Design snapshot 'MULT_tb_behav' loaded.
INFO: [USF-XSim-97] XSim simulation ran for 1000ns
launch_simulation: Time (s): cpu = 00:00:02 ; elapsed = 00:00:05 . Memory (MB): peak = 918.406 ; gain = 0.000
close_sim
INFO: [Simtcl 6-16] Simulation closed
launch_simulation
INFO: [USF-XSim-27] Simulation object is 'sim_1'
INFO: [USF-XSim-37] Inspecting design source files for 'MULT_tb' in fileset 'sim_1'...
INFO: [USF-XSim-97] Finding global include files...
INFO: [USF-XSim-98] Fetching design files from 'sim_1'...
INFO: [USF-XSim-2] XSim::Compile design
INFO: [USF-XSim-61] Executing 'COMPILE and ANALYZE' step in 'D:/桌面资料/计算机组成原理/MULT/MULT.sim/sim_1/behav'
"xvlog -m64 --relax -prj MULT_tb_vlog.prj"
INFO: [VRFC 10-2263] Analyzing Verilog file "D:/桌面资料/计算机组成原理/MULT/MULT.srcs/sources_1/new/MULT.v" into library xil_defaultlib
INFO: [VRFC 10-311] analyzing module MULT
INFO: [VRFC 10-2263] Analyzing Verilog file "D:/桌面资料/计算机组成原理/MULT/MULT.srcs/sources_1/new/MULT_tb.v" into library xil_defaultlib
INFO: [VRFC 10-311] analyzing module MULT_tb
INFO: [VRFC 10-2263] Analyzing Verilog file "D:/桌面资料/计算机组成原理/MULT/MULT.sim/sim_1/behav/glbl.v" into library xil_defaultlib
INFO: [VRFC 10-311] analyzing module glbl
INFO: [USF-XSim-69] 'compile' step finished in '1' seconds
INFO: [USF-XSim-3] XSim::Elaborate design
INFO: [USF-XSim-61] Executing 'ELABORATE' step in 'D:/桌面资料/计算机组成原理/MULT/MULT.sim/sim_1/behav'
Vivado Simulator 2016.2
Copyright 1986-1999, 2001-2016 Xilinx, Inc. All Rights Reserved.
Running: D:/Xilinx/Vivado/2016.2/bin/unwrapped/win64.o/xelab.exe -wto 49570bf931814a6aa49a168aa58249d8 --debug typical --relax --mt 2 -L xil_defaultlib -L unisims_ver -L unimacro_ver -L secureip --snapshot MULT_tb_behav xil_defaultlib.MULT_tb xil_defaultlib.glbl -log elaborate.log 
Using 2 slave threads.
Starting static elaboration
Completed static elaboration
Starting simulation data flow analysis
Completed simulation data flow analysis
Time Resolution for simulation is 1ps
Compiling module xil_defaultlib.MULT
Compiling module xil_defaultlib.MULT_tb
Compiling module xil_defaultlib.glbl
Built simulation snapshot MULT_tb_behav

****** Webtalk v2016.2 (64-bit)
  **** SW Build 1577090 on Thu Jun  2 16:32:40 MDT 2016
  **** IP Build 1577682 on Fri Jun  3 12:00:54 MDT 2016
    ** Copyright 1986-2016 Xilinx, Inc. All Rights Reserved.

source D:/桌面资料/计算机组成原理/MULT/MULT.sim/sim_1/behav/xsim.dir/MULT_tb_behav/webtalk/xsim_webtalk.tcl -notrace
INFO: [Common 17-206] Exiting Webtalk at Tue Mar 28 23:47:03 2023...
INFO: [USF-XSim-69] 'elaborate' step finished in '2' seconds
INFO: [USF-XSim-4] XSim::Simulate design
INFO: [USF-XSim-61] Executing 'SIMULATE' step in 'D:/桌面资料/计算机组成原理/MULT/MULT.sim/sim_1/behav'
INFO: [USF-XSim-98] *** Running xsim
   with args "MULT_tb_behav -key {Behavioral:sim_1:Functional:MULT_tb} -tclbatch {MULT_tb.tcl} -log {simulate.log}"
INFO: [USF-XSim-8] Loading simulator feature
Vivado Simulator 2016.2
Time resolution is 1 ps
source MULT_tb.tcl
# set curr_wave [current_wave_config]
# if { [string length $curr_wave] == 0 } {
#   if { [llength [get_objects]] > 0} {
#     add_wave /
#     set_property needs_save false [current_wave_config]
#   } else {
#      send_msg_id Add_Wave-1 WARNING "No top level signals found. Simulator will start without a wave window. If you want to open a wave window go to 'File->New Waveform Configuration' or type 'create_wave_config' in the TCL console."
#   }
# }
# run 1000ns
INFO: [USF-XSim-96] XSim completed. Design snapshot 'MULT_tb_behav' loaded.
INFO: [USF-XSim-97] XSim simulation ran for 1000ns
close_sim
INFO: [Simtcl 6-16] Simulation closed
launch_simulation
INFO: [USF-XSim-27] Simulation object is 'sim_1'
INFO: [USF-XSim-37] Inspecting design source files for 'MULT_tb' in fileset 'sim_1'...
INFO: [USF-XSim-97] Finding global include files...
INFO: [USF-XSim-98] Fetching design files from 'sim_1'...
INFO: [USF-XSim-2] XSim::Compile design
INFO: [USF-XSim-61] Executing 'COMPILE and ANALYZE' step in 'D:/桌面资料/计算机组成原理/MULT/MULT.sim/sim_1/behav'
"xvlog -m64 --relax -prj MULT_tb_vlog.prj"
INFO: [VRFC 10-2263] Analyzing Verilog file "D:/桌面资料/计算机组成原理/MULT/MULT.srcs/sources_1/new/MULT.v" into library xil_defaultlib
INFO: [VRFC 10-311] analyzing module MULT
INFO: [VRFC 10-2263] Analyzing Verilog file "D:/桌面资料/计算机组成原理/MULT/MULT.srcs/sources_1/new/MULT_tb.v" into library xil_defaultlib
INFO: [VRFC 10-311] analyzing module MULT_tb
INFO: [VRFC 10-2263] Analyzing Verilog file "D:/桌面资料/计算机组成原理/MULT/MULT.sim/sim_1/behav/glbl.v" into library xil_defaultlib
INFO: [VRFC 10-311] analyzing module glbl
INFO: [USF-XSim-69] 'compile' step finished in '1' seconds
INFO: [USF-XSim-3] XSim::Elaborate design
INFO: [USF-XSim-61] Executing 'ELABORATE' step in 'D:/桌面资料/计算机组成原理/MULT/MULT.sim/sim_1/behav'
Vivado Simulator 2016.2
Copyright 1986-1999, 2001-2016 Xilinx, Inc. All Rights Reserved.
Running: D:/Xilinx/Vivado/2016.2/bin/unwrapped/win64.o/xelab.exe -wto 49570bf931814a6aa49a168aa58249d8 --debug typical --relax --mt 2 -L xil_defaultlib -L unisims_ver -L unimacro_ver -L secureip --snapshot MULT_tb_behav xil_defaultlib.MULT_tb xil_defaultlib.glbl -log elaborate.log 
Using 2 slave threads.
Starting static elaboration
Completed static elaboration
Starting simulation data flow analysis
Completed simulation data flow analysis
Time Resolution for simulation is 1ps
Compiling module xil_defaultlib.MULT
Compiling module xil_defaultlib.MULT_tb
Compiling module xil_defaultlib.glbl
Built simulation snapshot MULT_tb_behav

****** Webtalk v2016.2 (64-bit)
  **** SW Build 1577090 on Thu Jun  2 16:32:40 MDT 2016
  **** IP Build 1577682 on Fri Jun  3 12:00:54 MDT 2016
    ** Copyright 1986-2016 Xilinx, Inc. All Rights Reserved.

source D:/桌面资料/计算机组成原理/MULT/MULT.sim/sim_1/behav/xsim.dir/MULT_tb_behav/webtalk/xsim_webtalk.tcl -notrace
INFO: [Common 17-206] Exiting Webtalk at Tue Mar 28 23:51:24 2023...
INFO: [USF-XSim-69] 'elaborate' step finished in '2' seconds
INFO: [USF-XSim-4] XSim::Simulate design
INFO: [USF-XSim-61] Executing 'SIMULATE' step in 'D:/桌面资料/计算机组成原理/MULT/MULT.sim/sim_1/behav'
INFO: [USF-XSim-98] *** Running xsim
   with args "MULT_tb_behav -key {Behavioral:sim_1:Functional:MULT_tb} -tclbatch {MULT_tb.tcl} -log {simulate.log}"
INFO: [USF-XSim-8] Loading simulator feature
Vivado Simulator 2016.2
Time resolution is 1 ps
source MULT_tb.tcl
# set curr_wave [current_wave_config]
# if { [string length $curr_wave] == 0 } {
#   if { [llength [get_objects]] > 0} {
#     add_wave /
#     set_property needs_save false [current_wave_config]
#   } else {
#      send_msg_id Add_Wave-1 WARNING "No top level signals found. Simulator will start without a wave window. If you want to open a wave window go to 'File->New Waveform Configuration' or type 'create_wave_config' in the TCL console."
#   }
# }
# run 1000ns
INFO: [USF-XSim-96] XSim completed. Design snapshot 'MULT_tb_behav' loaded.
INFO: [USF-XSim-97] XSim simulation ran for 1000ns
close_sim
INFO: [Simtcl 6-16] Simulation closed
launch_simulation
INFO: [USF-XSim-27] Simulation object is 'sim_1'
INFO: [USF-XSim-37] Inspecting design source files for 'MULT_tb' in fileset 'sim_1'...
INFO: [USF-XSim-97] Finding global include files...
INFO: [USF-XSim-98] Fetching design files from 'sim_1'...
INFO: [USF-XSim-2] XSim::Compile design
INFO: [USF-XSim-61] Executing 'COMPILE and ANALYZE' step in 'D:/桌面资料/计算机组成原理/MULT/MULT.sim/sim_1/behav'
"xvlog -m64 --relax -prj MULT_tb_vlog.prj"
INFO: [VRFC 10-2263] Analyzing Verilog file "D:/桌面资料/计算机组成原理/MULT/MULT.srcs/sources_1/new/MULT.v" into library xil_defaultlib
INFO: [VRFC 10-311] analyzing module MULT
INFO: [VRFC 10-2263] Analyzing Verilog file "D:/桌面资料/计算机组成原理/MULT/MULT.srcs/sources_1/new/MULT_tb.v" into library xil_defaultlib
INFO: [VRFC 10-311] analyzing module MULT_tb
INFO: [VRFC 10-2263] Analyzing Verilog file "D:/桌面资料/计算机组成原理/MULT/MULT.sim/sim_1/behav/glbl.v" into library xil_defaultlib
INFO: [VRFC 10-311] analyzing module glbl
INFO: [USF-XSim-69] 'compile' step finished in '1' seconds
INFO: [USF-XSim-3] XSim::Elaborate design
INFO: [USF-XSim-61] Executing 'ELABORATE' step in 'D:/桌面资料/计算机组成原理/MULT/MULT.sim/sim_1/behav'
Vivado Simulator 2016.2
Copyright 1986-1999, 2001-2016 Xilinx, Inc. All Rights Reserved.
Running: D:/Xilinx/Vivado/2016.2/bin/unwrapped/win64.o/xelab.exe -wto 49570bf931814a6aa49a168aa58249d8 --debug typical --relax --mt 2 -L xil_defaultlib -L unisims_ver -L unimacro_ver -L secureip --snapshot MULT_tb_behav xil_defaultlib.MULT_tb xil_defaultlib.glbl -log elaborate.log 
Using 2 slave threads.
Starting static elaboration
Completed static elaboration
Starting simulation data flow analysis
Completed simulation data flow analysis
Time Resolution for simulation is 1ps
Compiling module xil_defaultlib.MULT
Compiling module xil_defaultlib.MULT_tb
Compiling module xil_defaultlib.glbl
Built simulation snapshot MULT_tb_behav

****** Webtalk v2016.2 (64-bit)
  **** SW Build 1577090 on Thu Jun  2 16:32:40 MDT 2016
  **** IP Build 1577682 on Fri Jun  3 12:00:54 MDT 2016
    ** Copyright 1986-2016 Xilinx, Inc. All Rights Reserved.

source D:/桌面资料/计算机组成原理/MULT/MULT.sim/sim_1/behav/xsim.dir/MULT_tb_behav/webtalk/xsim_webtalk.tcl -notrace
INFO: [Common 17-206] Exiting Webtalk at Tue Mar 28 23:52:31 2023...
INFO: [USF-XSim-69] 'elaborate' step finished in '2' seconds
INFO: [USF-XSim-4] XSim::Simulate design
INFO: [USF-XSim-61] Executing 'SIMULATE' step in 'D:/桌面资料/计算机组成原理/MULT/MULT.sim/sim_1/behav'
INFO: [USF-XSim-98] *** Running xsim
   with args "MULT_tb_behav -key {Behavioral:sim_1:Functional:MULT_tb} -tclbatch {MULT_tb.tcl} -log {simulate.log}"
INFO: [USF-XSim-8] Loading simulator feature
Vivado Simulator 2016.2
Time resolution is 1 ps
source MULT_tb.tcl
# set curr_wave [current_wave_config]
# if { [string length $curr_wave] == 0 } {
#   if { [llength [get_objects]] > 0} {
#     add_wave /
#     set_property needs_save false [current_wave_config]
#   } else {
#      send_msg_id Add_Wave-1 WARNING "No top level signals found. Simulator will start without a wave window. If you want to open a wave window go to 'File->New Waveform Configuration' or type 'create_wave_config' in the TCL console."
#   }
# }
# run 1000ns
INFO: [USF-XSim-96] XSim completed. Design snapshot 'MULT_tb_behav' loaded.
INFO: [USF-XSim-97] XSim simulation ran for 1000ns
close_sim
INFO: [Simtcl 6-16] Simulation closed
launch_simulation
INFO: [USF-XSim-27] Simulation object is 'sim_1'
INFO: [USF-XSim-37] Inspecting design source files for 'MULT_tb' in fileset 'sim_1'...
INFO: [USF-XSim-97] Finding global include files...
INFO: [USF-XSim-98] Fetching design files from 'sim_1'...
INFO: [USF-XSim-2] XSim::Compile design
INFO: [USF-XSim-61] Executing 'COMPILE and ANALYZE' step in 'D:/桌面资料/计算机组成原理/MULT/MULT.sim/sim_1/behav'
"xvlog -m64 --relax -prj MULT_tb_vlog.prj"
INFO: [VRFC 10-2263] Analyzing Verilog file "D:/桌面资料/计算机组成原理/MULT/MULT.srcs/sources_1/new/MULT.v" into library xil_defaultlib
INFO: [VRFC 10-311] analyzing module MULT
INFO: [VRFC 10-2263] Analyzing Verilog file "D:/桌面资料/计算机组成原理/MULT/MULT.srcs/sources_1/new/MULT_tb.v" into library xil_defaultlib
INFO: [VRFC 10-311] analyzing module MULT_tb
INFO: [VRFC 10-2263] Analyzing Verilog file "D:/桌面资料/计算机组成原理/MULT/MULT.sim/sim_1/behav/glbl.v" into library xil_defaultlib
INFO: [VRFC 10-311] analyzing module glbl
INFO: [USF-XSim-69] 'compile' step finished in '1' seconds
INFO: [USF-XSim-3] XSim::Elaborate design
INFO: [USF-XSim-61] Executing 'ELABORATE' step in 'D:/桌面资料/计算机组成原理/MULT/MULT.sim/sim_1/behav'
Vivado Simulator 2016.2
Copyright 1986-1999, 2001-2016 Xilinx, Inc. All Rights Reserved.
Running: D:/Xilinx/Vivado/2016.2/bin/unwrapped/win64.o/xelab.exe -wto 49570bf931814a6aa49a168aa58249d8 --debug typical --relax --mt 2 -L xil_defaultlib -L unisims_ver -L unimacro_ver -L secureip --snapshot MULT_tb_behav xil_defaultlib.MULT_tb xil_defaultlib.glbl -log elaborate.log 
Using 2 slave threads.
Starting static elaboration
Completed static elaboration
Starting simulation data flow analysis
Completed simulation data flow analysis
Time Resolution for simulation is 1ps
Compiling module xil_defaultlib.MULT
Compiling module xil_defaultlib.MULT_tb
Compiling module xil_defaultlib.glbl
Built simulation snapshot MULT_tb_behav

****** Webtalk v2016.2 (64-bit)
  **** SW Build 1577090 on Thu Jun  2 16:32:40 MDT 2016
  **** IP Build 1577682 on Fri Jun  3 12:00:54 MDT 2016
    ** Copyright 1986-2016 Xilinx, Inc. All Rights Reserved.

source D:/桌面资料/计算机组成原理/MULT/MULT.sim/sim_1/behav/xsim.dir/MULT_tb_behav/webtalk/xsim_webtalk.tcl -notrace
INFO: [Common 17-206] Exiting Webtalk at Tue Mar 28 23:53:59 2023...
INFO: [USF-XSim-69] 'elaborate' step finished in '2' seconds
INFO: [USF-XSim-4] XSim::Simulate design
INFO: [USF-XSim-61] Executing 'SIMULATE' step in 'D:/桌面资料/计算机组成原理/MULT/MULT.sim/sim_1/behav'
INFO: [USF-XSim-98] *** Running xsim
   with args "MULT_tb_behav -key {Behavioral:sim_1:Functional:MULT_tb} -tclbatch {MULT_tb.tcl} -log {simulate.log}"
INFO: [USF-XSim-8] Loading simulator feature
Vivado Simulator 2016.2
Time resolution is 1 ps
source MULT_tb.tcl
# set curr_wave [current_wave_config]
# if { [string length $curr_wave] == 0 } {
#   if { [llength [get_objects]] > 0} {
#     add_wave /
#     set_property needs_save false [current_wave_config]
#   } else {
#      send_msg_id Add_Wave-1 WARNING "No top level signals found. Simulator will start without a wave window. If you want to open a wave window go to 'File->New Waveform Configuration' or type 'create_wave_config' in the TCL console."
#   }
# }
# run 1000ns
INFO: [USF-XSim-96] XSim completed. Design snapshot 'MULT_tb_behav' loaded.
INFO: [USF-XSim-97] XSim simulation ran for 1000ns
close_sim
INFO: [Simtcl 6-16] Simulation closed
launch_simulation
INFO: [USF-XSim-27] Simulation object is 'sim_1'
INFO: [USF-XSim-37] Inspecting design source files for 'MULT_tb' in fileset 'sim_1'...
INFO: [USF-XSim-97] Finding global include files...
INFO: [USF-XSim-98] Fetching design files from 'sim_1'...
INFO: [USF-XSim-2] XSim::Compile design
INFO: [USF-XSim-61] Executing 'COMPILE and ANALYZE' step in 'D:/桌面资料/计算机组成原理/MULT/MULT.sim/sim_1/behav'
"xvlog -m64 --relax -prj MULT_tb_vlog.prj"
INFO: [VRFC 10-2263] Analyzing Verilog file "D:/桌面资料/计算机组成原理/MULT/MULT.srcs/sources_1/new/MULT.v" into library xil_defaultlib
INFO: [VRFC 10-311] analyzing module MULT
INFO: [VRFC 10-2263] Analyzing Verilog file "D:/桌面资料/计算机组成原理/MULT/MULT.srcs/sources_1/new/MULT_tb.v" into library xil_defaultlib
INFO: [VRFC 10-311] analyzing module MULT_tb
INFO: [VRFC 10-2263] Analyzing Verilog file "D:/桌面资料/计算机组成原理/MULT/MULT.sim/sim_1/behav/glbl.v" into library xil_defaultlib
INFO: [VRFC 10-311] analyzing module glbl
INFO: [USF-XSim-69] 'compile' step finished in '1' seconds
INFO: [USF-XSim-3] XSim::Elaborate design
INFO: [USF-XSim-61] Executing 'ELABORATE' step in 'D:/桌面资料/计算机组成原理/MULT/MULT.sim/sim_1/behav'
Vivado Simulator 2016.2
Copyright 1986-1999, 2001-2016 Xilinx, Inc. All Rights Reserved.
Running: D:/Xilinx/Vivado/2016.2/bin/unwrapped/win64.o/xelab.exe -wto 49570bf931814a6aa49a168aa58249d8 --debug typical --relax --mt 2 -L xil_defaultlib -L unisims_ver -L unimacro_ver -L secureip --snapshot MULT_tb_behav xil_defaultlib.MULT_tb xil_defaultlib.glbl -log elaborate.log 
Using 2 slave threads.
Starting static elaboration
Completed static elaboration
Starting simulation data flow analysis
Completed simulation data flow analysis
Time Resolution for simulation is 1ps
Compiling module xil_defaultlib.MULT
Compiling module xil_defaultlib.MULT_tb
Compiling module xil_defaultlib.glbl
Built simulation snapshot MULT_tb_behav

****** Webtalk v2016.2 (64-bit)
  **** SW Build 1577090 on Thu Jun  2 16:32:40 MDT 2016
  **** IP Build 1577682 on Fri Jun  3 12:00:54 MDT 2016
    ** Copyright 1986-2016 Xilinx, Inc. All Rights Reserved.

source D:/桌面资料/计算机组成原理/MULT/MULT.sim/sim_1/behav/xsim.dir/MULT_tb_behav/webtalk/xsim_webtalk.tcl -notrace
INFO: [Common 17-206] Exiting Webtalk at Tue Mar 28 23:54:46 2023...
INFO: [USF-XSim-69] 'elaborate' step finished in '2' seconds
INFO: [USF-XSim-4] XSim::Simulate design
INFO: [USF-XSim-61] Executing 'SIMULATE' step in 'D:/桌面资料/计算机组成原理/MULT/MULT.sim/sim_1/behav'
INFO: [USF-XSim-98] *** Running xsim
   with args "MULT_tb_behav -key {Behavioral:sim_1:Functional:MULT_tb} -tclbatch {MULT_tb.tcl} -log {simulate.log}"
INFO: [USF-XSim-8] Loading simulator feature
Vivado Simulator 2016.2
Time resolution is 1 ps
source MULT_tb.tcl
# set curr_wave [current_wave_config]
# if { [string length $curr_wave] == 0 } {
#   if { [llength [get_objects]] > 0} {
#     add_wave /
#     set_property needs_save false [current_wave_config]
#   } else {
#      send_msg_id Add_Wave-1 WARNING "No top level signals found. Simulator will start without a wave window. If you want to open a wave window go to 'File->New Waveform Configuration' or type 'create_wave_config' in the TCL console."
#   }
# }
# run 1000ns
INFO: [USF-XSim-96] XSim completed. Design snapshot 'MULT_tb_behav' loaded.
INFO: [USF-XSim-97] XSim simulation ran for 1000ns
close_sim
INFO: [Simtcl 6-16] Simulation closed
launch_simulation
INFO: [USF-XSim-27] Simulation object is 'sim_1'
INFO: [USF-XSim-37] Inspecting design source files for 'MULT_tb' in fileset 'sim_1'...
INFO: [USF-XSim-97] Finding global include files...
INFO: [USF-XSim-98] Fetching design files from 'sim_1'...
INFO: [USF-XSim-2] XSim::Compile design
INFO: [USF-XSim-61] Executing 'COMPILE and ANALYZE' step in 'D:/桌面资料/计算机组成原理/MULT/MULT.sim/sim_1/behav'
"xvlog -m64 --relax -prj MULT_tb_vlog.prj"
INFO: [VRFC 10-2263] Analyzing Verilog file "D:/桌面资料/计算机组成原理/MULT/MULT.srcs/sources_1/new/MULT.v" into library xil_defaultlib
INFO: [VRFC 10-311] analyzing module MULT
INFO: [VRFC 10-2263] Analyzing Verilog file "D:/桌面资料/计算机组成原理/MULT/MULT.srcs/sources_1/new/MULT_tb.v" into library xil_defaultlib
INFO: [VRFC 10-311] analyzing module MULT_tb
INFO: [VRFC 10-2263] Analyzing Verilog file "D:/桌面资料/计算机组成原理/MULT/MULT.sim/sim_1/behav/glbl.v" into library xil_defaultlib
INFO: [VRFC 10-311] analyzing module glbl
INFO: [USF-XSim-69] 'compile' step finished in '1' seconds
INFO: [USF-XSim-3] XSim::Elaborate design
INFO: [USF-XSim-61] Executing 'ELABORATE' step in 'D:/桌面资料/计算机组成原理/MULT/MULT.sim/sim_1/behav'
Vivado Simulator 2016.2
Copyright 1986-1999, 2001-2016 Xilinx, Inc. All Rights Reserved.
Running: D:/Xilinx/Vivado/2016.2/bin/unwrapped/win64.o/xelab.exe -wto 49570bf931814a6aa49a168aa58249d8 --debug typical --relax --mt 2 -L xil_defaultlib -L unisims_ver -L unimacro_ver -L secureip --snapshot MULT_tb_behav xil_defaultlib.MULT_tb xil_defaultlib.glbl -log elaborate.log 
Using 2 slave threads.
Starting static elaboration
Completed static elaboration
Starting simulation data flow analysis
Completed simulation data flow analysis
Time Resolution for simulation is 1ps
Compiling module xil_defaultlib.MULT
Compiling module xil_defaultlib.MULT_tb
Compiling module xil_defaultlib.glbl
Built simulation snapshot MULT_tb_behav

****** Webtalk v2016.2 (64-bit)
  **** SW Build 1577090 on Thu Jun  2 16:32:40 MDT 2016
  **** IP Build 1577682 on Fri Jun  3 12:00:54 MDT 2016
    ** Copyright 1986-2016 Xilinx, Inc. All Rights Reserved.

source D:/桌面资料/计算机组成原理/MULT/MULT.sim/sim_1/behav/xsim.dir/MULT_tb_behav/webtalk/xsim_webtalk.tcl -notrace
INFO: [Common 17-206] Exiting Webtalk at Tue Mar 28 23:56:05 2023...
INFO: [USF-XSim-69] 'elaborate' step finished in '2' seconds
INFO: [USF-XSim-4] XSim::Simulate design
INFO: [USF-XSim-61] Executing 'SIMULATE' step in 'D:/桌面资料/计算机组成原理/MULT/MULT.sim/sim_1/behav'
INFO: [USF-XSim-98] *** Running xsim
   with args "MULT_tb_behav -key {Behavioral:sim_1:Functional:MULT_tb} -tclbatch {MULT_tb.tcl} -log {simulate.log}"
INFO: [USF-XSim-8] Loading simulator feature
Vivado Simulator 2016.2
Time resolution is 1 ps
source MULT_tb.tcl
# set curr_wave [current_wave_config]
# if { [string length $curr_wave] == 0 } {
#   if { [llength [get_objects]] > 0} {
#     add_wave /
#     set_property needs_save false [current_wave_config]
#   } else {
#      send_msg_id Add_Wave-1 WARNING "No top level signals found. Simulator will start without a wave window. If you want to open a wave window go to 'File->New Waveform Configuration' or type 'create_wave_config' in the TCL console."
#   }
# }
# run 1000ns
INFO: [USF-XSim-96] XSim completed. Design snapshot 'MULT_tb_behav' loaded.
INFO: [USF-XSim-97] XSim simulation ran for 1000ns
close_sim
INFO: [Simtcl 6-16] Simulation closed
exit
INFO: [Common 17-206] Exiting Vivado at Wed Mar 29 00:15:31 2023...
