Vivado Simulator 2016.2
Copyright 1986-1999, 2001-2016 Xilinx, Inc. All Rights Reserved.
Running: C:/Xilinx/Vivado/2016.2/bin/unwrapped/win64.o/xelab.exe -wto 262c1ce0b52d49e08f46bfcb891d83e4 --debug typical --relax --mt 2 -L dist_mem_gen_v8_0_10 -L xil_defaultlib -L unisims_ver -L unimacro_ver -L secureip --snapshot cpu_tb_behav xil_defaultlib.cpu_tb xil_defaultlib.glbl -log elaborate.log 
Using 2 slave threads.
Starting static elaboration
Completed static elaboration
Starting simulation data flow analysis
Completed simulation data flow analysis
Time Resolution for simulation is 1ps
Compiling module dist_mem_gen_v8_0_10.dist_mem_gen_v8_0_10(C_FAMILY="a...
Compiling module xil_defaultlib.dist_mem_gen_0
Compiling module xil_defaultlib.IMEM
Compiling module xil_defaultlib.DMEM
Compiling module xil_defaultlib.ALU
Compiling module xil_defaultlib.PC
Compiling module xil_defaultlib.regfile
Compiling module xil_defaultlib.Inst_Get
Compiling module xil_defaultlib.CP0
Compiling module xil_defaultlib.MUL
Compiling module xil_defaultlib.DIV
Compiling module xil_defaultlib.HI_LO
Compiling module xil_defaultlib.CLZ
Compiling module xil_defaultlib.Control
Compiling module xil_defaultlib.cpu
Compiling module xil_defaultlib.seg7x16
Compiling module xil_defaultlib.Divider
Compiling module xil_defaultlib.sccomp_dataflow
Compiling module xil_defaultlib.cpu_tb
Compiling module xil_defaultlib.glbl
Built simulation snapshot cpu_tb_behav
