Unable to capture context for thread 27108 in process 22944, can not generate back trace
Exception at PC 0x00007FFBB8B5CD29
Unable to capture context for thread 27108 in process 22944, can not generate back trace
Exception at PC 0x00007FFB1363BB93
Printing stacktrace...

Exception at PC 0x00007FFBB8B5CD29
Exception at PC 0x00007FFBB8B5CD29
Exception at PC 0x00007FFBB8B5CD29
Exception at PC 0x00007FFBB8B5CD29
Exception at PC 0x00007FFBB8B5CD29
Exception at PC 0x00007FFBB8B5CD29
Exception at PC 0x00007FFBB8B5CD29
[0]  [0x00007FFB1363BB93]
[1]  [0x00007FFB1363BB93]
[2]  [0x00007FFB1363B4A1]
[3]  [0x00007FFB1363B3EF]
[4]  [0x00007FFB136219FE]
[5]  [0x00007FFB13620ED1]
[6]  [0x00007FFB13620D76]
[7]  [0x00007FFB135C79F6]
[8]  [0x00007FFB135B7AFB]
[9]  [0x00007FFB136DE90A]
[10]  [0x00007FFB136F9F87]
[11]  [0x00007FFB136FA05F]
[12] (BaseThreadInitThunk+0x14) [0x00007FFBBAF97614]
[13] (RtlUserThreadStart+0x21) [0x00007FFBBB1E26A1]
Done
Exception at PC 0x00007FFBB8B5CD29
Exception at PC 0x00007FFBB8B5CD29
Exception at PC 0x00007FFBB8B5CD29
Exception at PC 0x00007FFBB8B5CD29
Exception at PC 0x00007FFBB8B5CD29
Exception at PC 0x00007FFBB8B5CD29
Exception at PC 0x00007FFBB8B5CD29
Exception at PC 0x00007FFBB8B5CD29
Exception at PC 0x00007FFBB8B5CD29
Exception at PC 0x00007FFBB8B5CD29
