Unable to capture context for thread 33412 in process 33212, can not generate back trace
Exception at PC 0x00007FFE742DCF19
Unable to capture context for thread 33412 in process 33212, can not generate back trace
Exception at PC 0x00007FFDB824BB93
Printing stacktrace...

Exception at PC 0x00007FFE742DCF19
Exception at PC 0x00007FFE742DCF19
Exception at PC 0x00007FFE742DCF19
Exception at PC 0x00007FFE742DCF19
Exception at PC 0x00007FFE742DCF19
Exception at PC 0x00007FFE742DCF19
Exception at PC 0x00007FFE742DCF19
[0]  [0x00007FFDB824BB93]
[1]  [0x00007FFDB824BB93]
[2]  [0x00007FFDB824B4A1]
[3]  [0x00007FFDB824B3EF]
[4]  [0x00007FFDB82319FE]
[5]  [0x00007FFDB8230ED1]
[6]  [0x00007FFDB8230D76]
[7]  [0x00007FFDB81D79F6]
[8]  [0x00007FFDB81C7AFB]
[9]  [0x00007FFDB82EE90A]
[10]  [0x00007FFDB8309F87]
[11]  [0x00007FFDB830A05F]
[12] (BaseThreadInitThunk+0x14) [0x00007FFE75767614]
[13] (RtlUserThreadStart+0x21) [0x00007FFE768026F1]
Done
Exception at PC 0x00007FFE742DCF19
Exception at PC 0x00007FFE742DCF19
Exception at PC 0x00007FFE742DCF19
Exception at PC 0x00007FFE742DCF19
Exception at PC 0x00007FFE742DCF19
Exception at PC 0x00007FFE742DCF19
Exception at PC 0x00007FFE742DCF19
Exception at PC 0x00007FFE742DCF19
Exception at PC 0x00007FFE742DCF19
Exception at PC 0x00007FFE742DCF19
Exception at PC 0x00007FFE742DCF19
