Copyright 1986-2016 Xilinx, Inc. All Rights Reserved.
-------------------------------------------------------------------------------------------------------------------------------------------------------------------
| Tool Version     : Vivado v.2016.2 (win64) Build 1577090 Thu Jun  2 16:32:40 MDT 2016
| Date             : Sat Sep 09 16:12:08 2023
| Host             : LAPTOP-0BFPH7CU running 64-bit major release  (build 9200)
| Command          : report_power -file sccomp_dataflow_power_routed.rpt -pb sccomp_dataflow_power_summary_routed.pb -rpx sccomp_dataflow_power_routed.rpx
| Design           : sccomp_dataflow
| Device           : xc7a100tcsg324-1
| Design State     : routed
| Grade            : commercial
| Process          : typical
| Characterization : Production
-------------------------------------------------------------------------------------------------------------------------------------------------------------------

Power Report

Table of Contents
-----------------
1. Summary
1.1 On-Chip Components
1.2 Power Supply Summary
1.3 Confidence Level
2. Settings
2.1 Environment
2.2 Clock Constraints
3. Detailed Reports
3.1 By Hierarchy

1. Summary
----------

+--------------------------+-------+
| Total On-Chip Power (W)  | 0.100 |
| Dynamic (W)              | 0.003 |
| Device Static (W)        | 0.097 |
| Effective TJA (C/W)      | 4.6   |
| Max Ambient (C)          | 84.5  |
| Junction Temperature (C) | 25.5  |
| Confidence Level         | Low   |
| Setting File             | ---   |
| Simulation Activity File | ---   |
| Design Nets Matched      | NA    |
+--------------------------+-------+


1.1 On-Chip Components
----------------------

+--------------------------+-----------+----------+-----------+-----------------+
| On-Chip                  | Power (W) | Used     | Available | Utilization (%) |
+--------------------------+-----------+----------+-----------+-----------------+
| Clocks                   |    <0.001 |        3 |       --- |             --- |
| Slice Logic              |    <0.001 |     9427 |       --- |             --- |
|   LUT as Logic           |    <0.001 |     5297 |     63400 |            8.35 |
|   LUT as Distributed RAM |    <0.001 |       72 |     19000 |            0.38 |
|   Register               |    <0.001 |     2267 |    126800 |            1.79 |
|   CARRY4                 |    <0.001 |      652 |     15850 |            4.11 |
|   Others                 |     0.000 |       18 |       --- |             --- |
|   F7/F8 Muxes            |     0.000 |      596 |     63400 |            0.94 |
|   BUFG                   |     0.000 |        2 |        32 |            6.25 |
| Signals                  |    <0.001 |     8386 |       --- |             --- |
| DSPs                     |    <0.001 |        4 |       240 |            1.67 |
| I/O                      |     0.002 |       18 |       210 |            8.57 |
| Static Power             |     0.097 |          |           |                 |
| Total                    |     0.100 |          |           |                 |
+--------------------------+-----------+----------+-----------+-----------------+


1.2 Power Supply Summary
------------------------

+-----------+-------------+-----------+-------------+------------+
| Source    | Voltage (V) | Total (A) | Dynamic (A) | Static (A) |
+-----------+-------------+-----------+-------------+------------+
| Vccint    |       1.000 |     0.015 |       0.000 |      0.015 |
| Vccaux    |       1.800 |     0.018 |       0.000 |      0.018 |
| Vcco33    |       3.300 |     0.005 |       0.001 |      0.004 |
| Vcco25    |       2.500 |     0.000 |       0.000 |      0.000 |
| Vcco18    |       1.800 |     0.000 |       0.000 |      0.000 |
| Vcco15    |       1.500 |     0.000 |       0.000 |      0.000 |
| Vcco135   |       1.350 |     0.000 |       0.000 |      0.000 |
| Vcco12    |       1.200 |     0.000 |       0.000 |      0.000 |
| Vccaux_io |       1.800 |     0.000 |       0.000 |      0.000 |
| Vccbram   |       1.000 |     0.000 |       0.000 |      0.000 |
| MGTAVcc   |       1.000 |     0.000 |       0.000 |      0.000 |
| MGTAVtt   |       1.200 |     0.000 |       0.000 |      0.000 |
| Vccadc    |       1.800 |     0.020 |       0.000 |      0.020 |
+-----------+-------------+-----------+-------------+------------+


1.3 Confidence Level
--------------------

+-----------------------------+------------+-------------------------------------------------------+--------------------------------------------------------------------------------------------------------------------+
| User Input Data             | Confidence | Details                                               | Action                                                                                                             |
+-----------------------------+------------+-------------------------------------------------------+--------------------------------------------------------------------------------------------------------------------+
| Design implementation state | High       | Design is routed                                      |                                                                                                                    |
| Clock nodes activity        | Low        | User specified less than 75% of clocks                | Provide missing clock activity with a constraint file, simulation results or by editing the "By Clock Domain" view |
| I/O nodes activity          | Medium     | More than 5% of inputs are missing user specification | Provide missing input activity with simulation results or by editing the "By Resource Type -> I/Os" view           |
| Internal nodes activity     | Medium     | User specified less than 25% of internal nodes        | Provide missing internal nodes activity with simulation results or by editing the "By Resource Type" views         |
| Device models               | High       | Device models are Production                          |                                                                                                                    |
|                             |            |                                                       |                                                                                                                    |
| Overall confidence level    | Low        |                                                       |                                                                                                                    |
+-----------------------------+------------+-------------------------------------------------------+--------------------------------------------------------------------------------------------------------------------+


2. Settings
-----------

2.1 Environment
---------------

+-----------------------+--------------------------+
| Ambient Temp (C)      | 25.0                     |
| ThetaJA (C/W)         | 4.6                      |
| Airflow (LFM)         | 250                      |
| Heat Sink             | medium (Medium Profile)  |
| ThetaSA (C/W)         | 4.6                      |
| Board Selection       | medium (10"x10")         |
| # of Board Layers     | 12to15 (12 to 15 Layers) |
| Board Temperature (C) | 25.0                     |
+-----------------------+--------------------------+


2.2 Clock Constraints
---------------------

+---------+--------+-----------------+
| Clock   | Domain | Constraint (ns) |
+---------+--------+-----------------+
| clk_pin | clk_in |           100.0 |
+---------+--------+-----------------+


3. Detailed Reports
-------------------

3.1 By Hierarchy
----------------

+--------------------------------+-----------+
| Name                           | Power (W) |
+--------------------------------+-----------+
| sccomp_dataflow                |     0.003 |
|   Divider_inst                 |    <0.001 |
|   Dmem                         |    <0.001 |
|     DMEM_reg_reg_r1_0_31_0_5   |    <0.001 |
|     DMEM_reg_reg_r1_0_31_12_17 |    <0.001 |
|     DMEM_reg_reg_r1_0_31_18_23 |    <0.001 |
|     DMEM_reg_reg_r1_0_31_24_29 |    <0.001 |
|     DMEM_reg_reg_r1_0_31_30_31 |    <0.001 |
|     DMEM_reg_reg_r1_0_31_6_11  |    <0.001 |
|     DMEM_reg_reg_r2_0_31_0_5   |    <0.001 |
|     DMEM_reg_reg_r2_0_31_12_17 |    <0.001 |
|     DMEM_reg_reg_r2_0_31_18_23 |    <0.001 |
|     DMEM_reg_reg_r2_0_31_24_29 |    <0.001 |
|     DMEM_reg_reg_r2_0_31_30_31 |    <0.001 |
|     DMEM_reg_reg_r2_0_31_6_11  |    <0.001 |
|     DMEM_reg_reg_r3_0_31_0_5   |    <0.001 |
|     DMEM_reg_reg_r3_0_31_12_17 |    <0.001 |
|     DMEM_reg_reg_r3_0_31_18_23 |    <0.001 |
|     DMEM_reg_reg_r3_0_31_24_29 |    <0.001 |
|     DMEM_reg_reg_r3_0_31_30_31 |    <0.001 |
|     DMEM_reg_reg_r3_0_31_6_11  |    <0.001 |
|   Imem                         |    <0.001 |
|     imem                       |     0.000 |
|       U0                       |     0.000 |
|   sccpu                        |    <0.001 |
|     alu                        |     0.000 |
|     cp0                        |     0.000 |
|     cpu_ref                    |    <0.001 |
|     div                        |     0.000 |
|     hi_lo                      |     0.000 |
|     mul                        |    <0.001 |
|     pc                         |     0.000 |
|   seg7x16_inst                 |    <0.001 |
+--------------------------------+-----------+


