Copyright 1986-2016 Xilinx, Inc. All Rights Reserved.
-------------------------------------------------------------------------------------------------------------------------------------------------------------------
| Tool Version     : Vivado v.2016.2 (win64) Build 1577090 Thu Jun  2 16:32:40 MDT 2016
| Date             : Fri Jul 14 19:52:17 2023
| Host             : LAPTOP-0BFPH7CU running 64-bit major release  (build 9200)
| Command          : report_power -file sccomp_dataflow_power_routed.rpt -pb sccomp_dataflow_power_summary_routed.pb -rpx sccomp_dataflow_power_routed.rpx
| Design           : sccomp_dataflow
| Device           : xc7a100tcsg324-1
| Design State     : routed
| Grade            : commercial
| Process          : typical
| Characterization : Production
-------------------------------------------------------------------------------------------------------------------------------------------------------------------

Power Report

Table of Contents
-----------------
1. Summary
1.1 On-Chip Components
1.2 Power Supply Summary
1.3 Confidence Level
2. Settings
2.1 Environment
2.2 Clock Constraints
3. Detailed Reports
3.1 By Hierarchy

1. Summary
----------

+--------------------------+----------------------------------+
| Total On-Chip Power (W)  | 98.438 (Junction temp exceeded!) |
| Dynamic (W)              | 97.647                           |
| Device Static (W)        | 0.791                            |
| Effective TJA (C/W)      | 4.6                              |
| Max Ambient (C)          | 0.0                              |
| Junction Temperature (C) | 125.0                            |
| Confidence Level         | Low                              |
| Setting File             | ---                              |
| Simulation Activity File | ---                              |
| Design Nets Matched      | NA                               |
+--------------------------+----------------------------------+


1.1 On-Chip Components
----------------------

+--------------------------+-----------+----------+-----------+-----------------+
| On-Chip                  | Power (W) | Used     | Available | Utilization (%) |
+--------------------------+-----------+----------+-----------+-----------------+
| Slice Logic              |    36.351 |     9204 |       --- |             --- |
|   LUT as Logic           |    31.649 |     5221 |     63400 |            8.24 |
|   CARRY4                 |     4.197 |      640 |     15850 |            4.04 |
|   LUT as Distributed RAM |     0.307 |       72 |     19000 |            0.38 |
|   F7/F8 Muxes            |     0.178 |      596 |     63400 |            0.94 |
|   Register               |     0.014 |     2177 |    126800 |            1.72 |
|   BUFG                   |     0.006 |        2 |        32 |            6.25 |
|   Others                 |     0.000 |       13 |       --- |             --- |
| Signals                  |    33.979 |     8186 |       --- |             --- |
| DSPs                     |     0.085 |        4 |       240 |            1.67 |
| I/O                      |    27.232 |       66 |       210 |           31.43 |
| Static Power             |     0.791 |          |           |                 |
| Total                    |    98.438 |          |           |                 |
+--------------------------+-----------+----------+-----------+-----------------+


1.2 Power Supply Summary
------------------------

+-----------+-------------+-----------+-------------+------------+
| Source    | Voltage (V) | Total (A) | Dynamic (A) | Static (A) |
+-----------+-------------+-----------+-------------+------------+
| Vccint    |       1.000 |    70.982 |      70.419 |      0.563 |
| Vccaux    |       1.800 |     2.322 |       2.229 |      0.093 |
| Vcco33    |       3.300 |     0.000 |       0.000 |      0.000 |
| Vcco25    |       2.500 |     0.000 |       0.000 |      0.000 |
| Vcco18    |       1.800 |    12.902 |      12.898 |      0.004 |
| Vcco15    |       1.500 |     0.000 |       0.000 |      0.000 |
| Vcco135   |       1.350 |     0.000 |       0.000 |      0.000 |
| Vcco12    |       1.200 |     0.000 |       0.000 |      0.000 |
| Vccaux_io |       1.800 |     0.000 |       0.000 |      0.000 |
| Vccbram   |       1.000 |     0.018 |       0.000 |      0.018 |
| MGTAVcc   |       1.000 |     0.000 |       0.000 |      0.000 |
| MGTAVtt   |       1.200 |     0.000 |       0.000 |      0.000 |
| Vccadc    |       1.800 |     0.020 |       0.000 |      0.020 |
+-----------+-------------+-----------+-------------+------------+


1.3 Confidence Level
--------------------

+-----------------------------+------------+--------------------------------------------------------+--------------------------------------------------------------------------------------------------------------------+
| User Input Data             | Confidence | Details                                                | Action                                                                                                             |
+-----------------------------+------------+--------------------------------------------------------+--------------------------------------------------------------------------------------------------------------------+
| Design implementation state | High       | Design is routed                                       |                                                                                                                    |
| Clock nodes activity        | Low        | User specified less than 75% of clocks                 | Provide missing clock activity with a constraint file, simulation results or by editing the "By Clock Domain" view |
| I/O nodes activity          | Low        | More than 75% of inputs are missing user specification | Provide missing input activity with simulation results or by editing the "By Resource Type -> I/Os" view           |
| Internal nodes activity     | Medium     | User specified less than 25% of internal nodes         | Provide missing internal nodes activity with simulation results or by editing the "By Resource Type" views         |
| Device models               | High       | Device models are Production                           |                                                                                                                    |
|                             |            |                                                        |                                                                                                                    |
| Overall confidence level    | Low        |                                                        |                                                                                                                    |
+-----------------------------+------------+--------------------------------------------------------+--------------------------------------------------------------------------------------------------------------------+


2. Settings
-----------

2.1 Environment
---------------

+-----------------------+--------------------------+
| Ambient Temp (C)      | 25.0                     |
| ThetaJA (C/W)         | 4.6                      |
| Airflow (LFM)         | 250                      |
| Heat Sink             | medium (Medium Profile)  |
| ThetaSA (C/W)         | 4.6                      |
| Board Selection       | medium (10"x10")         |
| # of Board Layers     | 12to15 (12 to 15 Layers) |
| Board Temperature (C) | 25.0                     |
+-----------------------+--------------------------+


2.2 Clock Constraints
---------------------

+-------+--------+-----------------+
| Clock | Domain | Constraint (ns) |
+-------+--------+-----------------+


3. Detailed Reports
-------------------

3.1 By Hierarchy
----------------

+--------------------------------+-----------+
| Name                           | Power (W) |
+--------------------------------+-----------+
| sccomp_dataflow                |    97.647 |
|   Dmem                         |     0.617 |
|     DMEM_reg_reg_r1_0_31_0_5   |     0.027 |
|     DMEM_reg_reg_r1_0_31_12_17 |     0.043 |
|     DMEM_reg_reg_r1_0_31_18_23 |     0.043 |
|     DMEM_reg_reg_r1_0_31_24_29 |     0.050 |
|     DMEM_reg_reg_r1_0_31_30_31 |     0.013 |
|     DMEM_reg_reg_r1_0_31_6_11  |     0.033 |
|     DMEM_reg_reg_r2_0_31_0_5   |     0.030 |
|     DMEM_reg_reg_r2_0_31_12_17 |     0.049 |
|     DMEM_reg_reg_r2_0_31_18_23 |     0.032 |
|     DMEM_reg_reg_r2_0_31_24_29 |     0.027 |
|     DMEM_reg_reg_r2_0_31_30_31 |     0.011 |
|     DMEM_reg_reg_r2_0_31_6_11  |     0.027 |
|     DMEM_reg_reg_r3_0_31_0_5   |     0.026 |
|     DMEM_reg_reg_r3_0_31_12_17 |     0.032 |
|     DMEM_reg_reg_r3_0_31_18_23 |     0.033 |
|     DMEM_reg_reg_r3_0_31_24_29 |     0.032 |
|     DMEM_reg_reg_r3_0_31_30_31 |     0.010 |
|     DMEM_reg_reg_r3_0_31_6_11  |     0.032 |
|   Imem                         |    22.323 |
|     imem                       |     8.388 |
|       U0                       |     8.388 |
|   sccpu                        |    47.308 |
|     alu                        |     0.004 |
|     cp0                        |     0.019 |
|     cpu_ref                    |     1.588 |
|     div                        |    41.637 |
|     hi_lo                      |    <0.001 |
|     mul                        |     0.085 |
|     pc                         |     3.974 |
+--------------------------------+-----------+


